<?xml version="1.0" encoding="UTF-8"?>
<!-- Generated by org.testng.reporters.JUnitReportReporter -->
<testsuite hostname="LAPTOP-R94PTTAV" failures="0" tests="1" name="beauty.LaunchSugar_Test" time="14.070" errors="0" timestamp="2024-05-21T22:26:21 CDT" skipped="0">
  <testcase classname="beauty.LaunchSugar_Test" name="sugar" time="14.070"/>
  <system-out/>
</testsuite> <!-- beauty.LaunchSugar_Test -->
