<?xml version="1.0" encoding="UTF-8"?>
<!-- Generated by org.testng.reporters.JUnitReportReporter -->
<testsuite hostname="LAPTOP-R94PTTAV" failures="0" tests="2" name="ecom.DemoWebShop2_Test" time="16.277" errors="0" timestamp="2024-05-21T22:43:00 CDT" skipped="0">
  <testcase classname="ecom.DemoWebShop2_Test" name="launch" time="8.239"/>
  <system-out>
testNG installed browser is maximised demowebshopis launched browser is closed  </system-out>
  <testcase classname="ecom.DemoWebShop2_Test" name="script01" time="8.038"/>
  <system-out/>
</testsuite> <!-- ecom.DemoWebShop2_Test -->
