<?xml version="1.0" encoding="UTF-8"?>
<!-- Generated by org.testng.reporters.JUnitReportReporter -->
<testsuite hostname="LAPTOP-R94PTTAV" failures="0" tests="1" name="extenReport.Script01" time="9.261" errors="0" timestamp="2024-05-28T22:34:52 CDT" skipped="0">
  <testcase classname="extenReport.Script01" name="Script1" time="9.261"/>
  <system-out/>
</testsuite> <!-- extenReport.Script01 -->
